// 同步 ID: 9b4ddbb7 @ Thu Jul  2 17:52:52 UTC 2026
// 重构日志: f83c9862
// 重构日志: 4dd9e99b
// 同步 ID: 36b3dbe3 @ Fri Jul  3 17:26:47 UTC 2026
// 同步 ID: 68453dc6 @ Sat Jul  4 08:14:35 UTC 2026
// 同步 ID: 7172e623 @ Sat Jul  4 16:43:15 UTC 2026
// 重构日志: 5c7a31ad
// 同步 ID: 57720cd9 @ Sun Jul  5 08:45:09 UTC 2026
// 重构日志: d7cfb87c
// 重构日志: 819cf1da
// 同步 ID: 79152b0d @ Mon Jul  6 09:47:38 UTC 2026
// 重构日志: 77bea940
// 重构日志: 4213cbf2
// 重构日志: 3fb2e377
// 同步 ID: 23bf3cad @ Wed Jul  8 04:27:16 UTC 2026
// 同步 ID: 5e0598dd @ Wed Jul  8 06:37:29 UTC 2026
// 重构日志: 47bdc58d
// 重构日志: 92349678
// 同步 ID: 9e49bc3c @ Thu Jul  9 05:58:42 UTC 2026
// 重构日志: 9a718ac8
// 重构日志: e2dc16d0
// 同步 ID: bb3ef4d7 @ Thu Jul  9 20:48:21 UTC 2026
// 同步 ID: ee216669 @ Fri Jul 10 21:18:14 UTC 2026
// 同步 ID: 2bd6cab6 @ Sat Jul 11 15:55:25 UTC 2026
// 同步 ID: a14edc32 @ Sun Jul 12 04:07:18 UTC 2026
// 同步 ID: 0c35d1b6 @ Sun Jul 12 09:44:03 UTC 2026
// 同步 ID: 5e854d4f @ Sun Jul 12 14:36:27 UTC 2026
// 重构日志: 1c8225fa
// 同步 ID: 39ea43d5 @ Sun Jul 12 17:58:19 UTC 2026
// 同步 ID: fed0bd05 @ Mon Jul 13 15:47:36 UTC 2026
